<?xml version="1.0" encoding="UTF-8"?>
<!-- Generated by org.testng.reporters.JUnitReportReporter -->
<testsuite skipped="0" hostname="Raje" name="hitachi.tests.HitachiSearchTestUsingAPI" tests="1" failures="0" timestamp="15 Feb 2023 21:11:50 GMT" time="4.606" errors="0">
  <testcase name="searchUsingAPI" time="4.606" classname="hitachi.tests.HitachiSearchTestUsingAPI"/>
</testsuite> <!-- hitachi.tests.HitachiSearchTestUsingAPI -->
