<?xml version="1.0" encoding="UTF-8"?>
<!-- Generated by org.testng.reporters.JUnitReportReporter -->
<testsuite skipped="0" hostname="Raje" name="hitachi.tests.HitachiSearchTest" tests="7" failures="0" timestamp="15 Feb 2023 21:15:40 GMT" time="149.541" errors="0">
  <testcase name="nopagination" time="20.494" classname="hitachi.tests.HitachiSearchTest"/>
  <testcase name="searchKeyword" time="16.605" classname="hitachi.tests.HitachiSearchTest"/>
  <testcase name="checkURL" time="30.665" classname="hitachi.tests.HitachiSearchTest"/>
  <testcase name="noSearchResults" time="17.000" classname="hitachi.tests.HitachiSearchTest"/>
  <testcase name="verifySearchResultsCount" time="14.593" classname="hitachi.tests.HitachiSearchTest"/>
  <testcase name="verifyPageTitle" time="33.728" classname="hitachi.tests.HitachiSearchTest"/>
  <testcase name="verifySearchResultHyperlinkNavigation" time="16.456" classname="hitachi.tests.HitachiSearchTest"/>
</testsuite> <!-- hitachi.tests.HitachiSearchTest -->
